2025-12-02T19:56:00 [SEND]: Sent message: 0|hello
2025-12-02T19:56:05 [RETRY]: Timeout! Retransmitting message. Retry: 1
2025-12-02T19:56:05 [SEND]: Sent message: 0|hello
2025-12-02T19:56:10 [RETRY]: Timeout! Retransmitting message. Retry: 2
2025-12-02T19:56:10 [SEND]: Sent message: 0|hello
2025-12-02T19:56:15 [RETRY]: Timeout! Retransmitting message. Retry: 3
2025-12-02T19:56:15 [SEND]: Sent message: 0|hello
2025-12-02T19:56:15 [RECEIVE]: Received ack: 0
2025-12-02T19:56:19 [SEND]: Sent message: 1|nice
2025-12-02T19:56:19 [RECEIVE]: Received ack: 1
2025-12-02T20:02:40 [SEND]: Sent message: 0|hello
2025-12-02T20:02:45 [RETRY]: Timeout! Retransmitting message. Retry: 1
2025-12-02T20:02:45 [SEND]: Sent message: 0|hello
2025-12-02T20:02:45 [RECEIVE]: Received ack: 0
2025-12-02T20:03:36 [SEND]: Sent message: 1|hello
2025-12-02T20:03:41 [RETRY]: Timeout! Retransmitting message. Retry: 1
2025-12-02T20:03:41 [SEND]: Sent message: 1|hello
2025-12-02T20:03:41 [RECEIVE]: Received ack: 1
2025-12-02T20:05:46 [SEND]: Sent message: 2|hi
2025-12-02T20:05:46 [RECEIVE]: Received ack: 2
2025-12-02T20:05:48 [SEND]: Sent message: 3|wassup
2025-12-02T20:05:48 [RECEIVE]: Received ack: 3
2025-12-02T20:05:50 [SEND]: Sent message: 4|wmh
2025-12-02T20:05:55 [RETRY]: Timeout! Retransmitting message. Retry: 1
2025-12-02T20:05:55 [SEND]: Sent message: 4|wmh
2025-12-02T20:05:55 [RECEIVE]: Received ack: 4
2025-12-02T20:21:23 [SEND]: Sent message: 0|hello
2025-12-02T20:21:28 [RETRY]: Timeout! Retransmitting message. Retry: 1
2025-12-02T20:21:28 [SEND]: Sent message: 0|hello
2025-12-02T20:21:32 [SEND]: Sent message: 0|a
2025-12-02T20:21:39 [SEND]: Sent message: 0|hi
2025-12-02T20:21:58 [SEND]: Sent message: 0|hello
2025-12-02T20:22:03 [RETRY]: Timeout! Retransmitting message. Retry: 1
2025-12-02T20:22:03 [SEND]: Sent message: 0|hello
2025-12-02T20:22:03 [RECEIVE]: Received ack: 0
2025-12-02T20:26:40 [SEND]: Sent message: 0|hi
2025-12-02T20:26:45 [RETRY]: Timeout! Retransmitting message. Retry: 1
2025-12-02T20:26:45 [SEND]: Sent message: 0|hi
2025-12-02T20:26:50 [RETRY]: Timeout! Retransmitting message. Retry: 2
2025-12-02T20:26:50 [SEND]: Sent message: 0|hi
2025-12-02T20:26:55 [RETRY]: Timeout! Retransmitting message. Retry: 3
2025-12-02T20:26:55 [SEND]: Sent message: 0|hi
2025-12-02T20:26:55 [RECEIVE]: Received ack: 0
2025-12-02T20:39:31 [SEND]: Sent message: 0|hi
2025-12-02T20:39:36 [RETRY]: Timeout! Retransmitting message. Retry: 1
2025-12-02T20:39:36 [SEND]: Sent message: 0|hi
2025-12-02T20:39:36 [RECEIVE]: Received ack: 0
2025-12-02T20:44:59 [SEND]: Sent message: 1|hi
2025-12-02T20:44:59 [RECEIVE]: Received ack: 1
2025-12-02T20:45:13 [SEND]: Sent message: 0|hi
2025-12-02T20:45:18 [RETRY]: Timeout! Retransmitting message. Retry: 1
2025-12-02T20:45:18 [SEND]: Sent message: 0|hi
2025-12-02T20:45:18 [RECEIVE]: Received ack: 0
2025-12-02T20:51:22 [SEND]: Sent message: 0|hi
2025-12-02T20:51:27 [RETRY]: Timeout! Retransmitting message. Retry: 1
2025-12-02T20:51:27 [SEND]: Sent message: 0|hi
2025-12-02T20:51:27 [RECEIVE]: Received ack: 0
2025-12-02T20:52:46 [SEND]: Sent message: 0|no drop no delay
2025-12-02T20:52:51 [RETRY]: Timeout! Retransmitting message. Retry: 1
2025-12-02T20:52:51 [SEND]: Sent message: 0|no drop no delay
2025-12-02T20:52:51 [RECEIVE]: Received ack: 0
2025-12-02T20:52:53 [SEND]: Sent message: 1|hello
2025-12-02T20:52:53 [RECEIVE]: Received ack: 1
2025-12-02T20:52:54 [SEND]: Sent message: 2|hi
2025-12-02T20:52:54 [RECEIVE]: Received ack: 2
2025-12-02T20:53:14 [SEND]: Sent message: 0|hi
2025-12-02T20:53:35 [SEND]: Sent message: 0|hello
2025-12-02T20:53:35 [RECEIVE]: Received ack: 0
2025-12-02T20:53:40 [SEND]: Sent message: 1|hi
2025-12-02T20:53:40 [RECEIVE]: Received ack: 1
2025-12-02T20:53:41 [SEND]: Sent message: 2|this
2025-12-02T20:53:41 [RECEIVE]: Received ack: 2
2025-12-02T20:53:42 [SEND]: Sent message: 3|works
2025-12-02T20:53:42 [RECEIVE]: Received ack: 3
2025-12-02T20:53:43 [SEND]: Sent message: 4|with
2025-12-02T20:53:43 [RECEIVE]: Received ack: 4
2025-12-02T20:53:43 [SEND]: Sent message: 5|no
2025-12-02T20:53:43 [RECEIVE]: Received ack: 5
2025-12-02T20:53:44 [SEND]: Sent message: 6|delay
2025-12-02T20:53:44 [RECEIVE]: Received ack: 6
2025-12-02T20:54:05 [SEND]: Sent message: 0|hello
2025-12-02T20:54:10 [RETRY]: Timeout! Retransmitting message. Retry: 1
2025-12-02T20:54:10 [SEND]: Sent message: 0|hello
2025-12-02T20:54:15 [RETRY]: Timeout! Retransmitting message. Retry: 2
2025-12-02T20:54:15 [SEND]: Sent message: 0|hello
2025-12-02T20:54:20 [RETRY]: Timeout! Retransmitting message. Retry: 3
2025-12-02T20:54:20 [SEND]: Sent message: 0|hello
2025-12-02T20:54:20 [RECEIVE]: Received ack: 0
2025-12-02T20:54:46 [SEND]: Sent message: 0|hello
2025-12-02T20:54:51 [RETRY]: Timeout! Retransmitting message. Retry: 1
2025-12-02T20:54:51 [SEND]: Sent message: 0|hello
2025-12-02T20:54:56 [RETRY]: Timeout! Retransmitting message. Retry: 2
2025-12-02T20:54:56 [SEND]: Sent message: 0|hello
2025-12-02T20:55:01 [RETRY]: Timeout! Retransmitting message. Retry: 3
2025-12-02T20:55:01 [SEND]: Sent message: 0|hello
2025-12-02T20:55:06 [RETRY]: Timeout! Retransmitting message. Retry: 4
2025-12-02T20:55:06 [SEND]: Sent message: 0|hello
2025-12-02T20:55:06 [RECEIVE]: Received ack: 0
2025-12-02T20:55:32 [SEND]: Sent message: 0|drop
2025-12-02T20:55:33 [RETRY]: Timeout! Retransmitting message. Retry: 1
2025-12-02T20:55:33 [SEND]: Sent message: 0|drop
2025-12-02T20:55:34 [RETRY]: Timeout! Retransmitting message. Retry: 2
2025-12-02T20:55:34 [SEND]: Sent message: 0|drop
2025-12-02T20:55:35 [RETRY]: Timeout! Retransmitting message. Retry: 3
2025-12-02T20:55:35 [SEND]: Sent message: 0|drop
2025-12-02T20:55:36 [RETRY]: Timeout! Retransmitting message. Retry: 4
2025-12-02T20:55:36 [SEND]: Sent message: 0|drop
2025-12-02T20:55:37 [RETRY]: Timeout! Retransmitting message. Retry: 5
2025-12-02T20:55:37 [SEND]: Sent message: 0|drop
2025-12-02T20:55:38 [RETRY]: Timeout! Retransmitting message. Retry: 6
2025-12-02T20:55:38 [DROP]: Max retry limit reached
2025-12-02T20:56:04 [SEND]: Sent message: 0|timeout delay
2025-12-02T20:56:05 [RETRY]: Timeout! Retransmitting message. Retry: 1
2025-12-02T20:56:05 [SEND]: Sent message: 0|timeout delay
2025-12-02T20:56:06 [RECEIVE]: Received ack: 0
2025-12-02T20:56:10 [SEND]: Sent message: 1|delay
2025-12-02T20:56:10 [RECEIVE]: Received ack: 1
2025-12-02T20:56:16 [SEND]: Sent message: 2|delay
2025-12-02T20:56:16 [RECEIVE]: Received ack: 2
2025-12-02T20:56:56 [SEND]: Sent message: 0|hi
2025-12-02T20:56:57 [RETRY]: Timeout! Retransmitting message. Retry: 1
2025-12-02T20:56:57 [SEND]: Sent message: 0|hi
2025-12-02T20:56:57 [RECEIVE]: Received ack: 0
2025-12-02T20:57:06 [SEND]: Sent message: 0|a
2025-12-02T20:57:25 [SEND]: Sent message: 0|hello
2025-12-02T20:57:26 [RECEIVE]: Received ack: 0
2025-12-02T20:57:27 [SEND]: Sent message: 1|this
2025-12-02T20:57:27 [RECEIVE]: Received ack: 1
2025-12-02T20:57:27 [SEND]: Sent message: 2|works
2025-12-02T20:57:28 [RECEIVE]: Received ack: 2
2025-12-02T20:57:28 [SEND]: Sent message: 3|pre
2025-12-02T20:57:28 [RECEIVE]: Received ack: 3
2025-12-02T20:57:29 [SEND]: Sent message: 4|well
2025-12-02T20:57:29 [RECEIVE]: Received ack: 4
2025-12-02T20:57:59 [SEND]: Sent message: 0|delay
2025-12-02T20:58:00 [RETRY]: Timeout! Retransmitting message. Retry: 1
2025-12-02T20:58:00 [SEND]: Sent message: 0|delay
2025-12-02T20:58:00 [RECEIVE]: Received ack: 0
2025-12-02T20:58:02 [SEND]: Sent message: 1|in
2025-12-02T20:58:02 [RECEIVE]: Received ack: 1
2025-12-02T20:58:05 [SEND]: Sent message: 2|server
2025-12-02T20:58:06 [RETRY]: Timeout! Retransmitting message. Retry: 1
2025-12-02T20:58:06 [SEND]: Sent message: 2|server
2025-12-02T20:58:06 [RECEIVE]: Received ack: 2
2025-12-02T20:58:30 [SEND]: Sent message: 0|client
2025-12-02T20:58:31 [RETRY]: Timeout! Retransmitting message. Retry: 1
2025-12-02T20:58:31 [SEND]: Sent message: 0|client
2025-12-02T20:58:32 [RETRY]: Timeout! Retransmitting message. Retry: 2
2025-12-02T20:58:32 [SEND]: Sent message: 0|client
2025-12-02T20:58:33 [RETRY]: Timeout! Retransmitting message. Retry: 3
2025-12-02T20:58:33 [SEND]: Sent message: 0|client
2025-12-02T20:58:33 [RECEIVE]: Received ack: 0
2025-12-02T20:58:35 [SEND]: Sent message: 1|ddrops
2025-12-02T20:58:35 [RECEIVE]: Received ack: 1
2025-12-02T20:58:40 [SEND]: Sent message: 2|a
2025-12-02T20:58:41 [RETRY]: Timeout! Retransmitting message. Retry: 1
2025-12-02T20:58:41 [SEND]: Sent message: 2|a
2025-12-02T20:58:41 [RECEIVE]: Received ack: 2
2025-12-02T20:58:43 [SEND]: Sent message: 3|e
2025-12-02T20:58:43 [RECEIVE]: Received ack: 3
2025-12-02T20:59:00 [SEND]: Sent message: 0|timeout
2025-12-02T20:59:01 [RETRY]: Timeout! Retransmitting message. Retry: 1
2025-12-02T20:59:01 [SEND]: Sent message: 0|timeout
2025-12-02T20:59:02 [RETRY]: Timeout! Retransmitting message. Retry: 2
2025-12-02T20:59:02 [SEND]: Sent message: 0|timeout
2025-12-02T20:59:03 [RETRY]: Timeout! Retransmitting message. Retry: 3
2025-12-02T20:59:03 [SEND]: Sent message: 0|timeout
2025-12-02T20:59:04 [RETRY]: Timeout! Retransmitting message. Retry: 4
2025-12-02T20:59:04 [SEND]: Sent message: 0|timeout
2025-12-02T20:59:05 [RETRY]: Timeout! Retransmitting message. Retry: 5
2025-12-02T20:59:05 [SEND]: Sent message: 0|timeout
2025-12-02T20:59:06 [RETRY]: Timeout! Retransmitting message. Retry: 6
2025-12-02T20:59:06 [DROP]: Max retry limit reached
2025-12-02T20:59:31 [SEND]: Sent message: 0|timeout
2025-12-02T20:59:32 [RETRY]: Timeout! Retransmitting message. Retry: 1
2025-12-02T20:59:32 [SEND]: Sent message: 0|timeout
2025-12-02T20:59:33 [RETRY]: Timeout! Retransmitting message. Retry: 2
2025-12-02T20:59:33 [SEND]: Sent message: 0|timeout
2025-12-02T20:59:34 [RETRY]: Timeout! Retransmitting message. Retry: 3
2025-12-02T20:59:34 [SEND]: Sent message: 0|timeout
2025-12-02T20:59:35 [RETRY]: Timeout! Retransmitting message. Retry: 4
2025-12-02T20:59:35 [SEND]: Sent message: 0|timeout
2025-12-02T20:59:36 [RETRY]: Timeout! Retransmitting message. Retry: 5
2025-12-02T20:59:36 [SEND]: Sent message: 0|timeout
2025-12-02T20:59:37 [RETRY]: Timeout! Retransmitting message. Retry: 6
2025-12-02T20:59:37 [DROP]: Max retry limit reached
2025-12-02T20:59:41 [SEND]: Sent message: 0|delay
2025-12-02T20:59:42 [RETRY]: Timeout! Retransmitting message. Retry: 1
2025-12-02T20:59:42 [SEND]: Sent message: 0|delay
2025-12-02T20:59:43 [RETRY]: Timeout! Retransmitting message. Retry: 2
2025-12-02T20:59:43 [SEND]: Sent message: 0|delay
2025-12-02T20:59:44 [RETRY]: Timeout! Retransmitting message. Retry: 3
2025-12-02T20:59:44 [SEND]: Sent message: 0|delay
2025-12-02T20:59:45 [RETRY]: Timeout! Retransmitting message. Retry: 4
2025-12-02T20:59:45 [SEND]: Sent message: 0|delay
2025-12-02T20:59:46 [RETRY]: Timeout! Retransmitting message. Retry: 5
2025-12-02T20:59:46 [SEND]: Sent message: 0|delay
2025-12-02T20:59:46 [RECEIVE]: Received ack: 0
